<?xml version="1.0" encoding="UTF-8"?>
<testng-results ignored="0" total="1" passed="1" failed="0" skipped="0">
  <reporter-output>
  </reporter-output>
  <suite started-at="2025-06-14T23:19:05 IST" name="Default suite" finished-at="2025-06-14T23:19:18 IST" duration-ms="13412">
    <groups>
    </groups>
    <test started-at="2025-06-14T23:19:05 IST" name="Default test" finished-at="2025-06-14T23:19:18 IST" duration-ms="13412">
      <class name="testcases.CheckoutTest">
        <test-method is-config="true" signature="setup()[pri:0, instance:testcases.CheckoutTest@428640fa]" started-at="2025-06-14T23:19:05 IST" name="setup" finished-at="2025-06-14T23:19:13 IST" duration-ms="7950" status="PASS">
          <reporter-output>
          </reporter-output>
        </test-method> <!-- setup -->
        <test-method signature="completeCheckoutTest()[pri:0, instance:testcases.CheckoutTest@428640fa]" started-at="2025-06-14T23:19:13 IST" name="completeCheckoutTest" finished-at="2025-06-14T23:19:18 IST" duration-ms="4601" status="PASS">
          <reporter-output>
          </reporter-output>
        </test-method> <!-- completeCheckoutTest -->
        <test-method is-config="true" signature="tearDown(org.testng.ITestResult)[pri:0, instance:testcases.CheckoutTest@428640fa]" started-at="2025-06-14T23:19:18 IST" name="tearDown" finished-at="2025-06-14T23:19:18 IST" duration-ms="776" status="PASS">
          <params>
            <param index="0">
              <value>
                <![CDATA[[TestResult name=completeCheckoutTest status=SUCCESS method=CheckoutTest.completeCheckoutTest()[pri:0, instance:testcases.CheckoutTest@428640fa] output={null}]]]>
              </value>
            </param>
          </params>
          <reporter-output>
          </reporter-output>
        </test-method> <!-- tearDown -->
      </class> <!-- testcases.CheckoutTest -->
    </test> <!-- Default test -->
  </suite> <!-- Default suite -->
</testng-results>
